\BOOKMARK [0][-]{chapter*.3}{Contents}{}% 1
\BOOKMARK [0][-]{chapter*.4}{List of Figures}{}% 2
\BOOKMARK [0][-]{chapter*.5}{List of Tables}{}% 3
\BOOKMARK [0][-]{chapter*.5}{Abstract}{}% 4
\BOOKMARK [0][-]{chapter*.6}{Resumo}{}% 5
\BOOKMARK [0][-]{chapter.1}{Introduction}{}% 6
\BOOKMARK [1][-]{section.1.1}{Motivation}{chapter.1}% 7
\BOOKMARK [1][-]{section.1.2}{Goals}{chapter.1}% 8
\BOOKMARK [1][-]{section.1.3}{Contribution}{chapter.1}% 9
\BOOKMARK [1][-]{section.1.4}{Structure of this work}{chapter.1}% 10
\BOOKMARK [0][-]{chapter.2}{Conceptual Basis}{}% 11
\BOOKMARK [1][-]{section.2.1}{Section}{chapter.2}% 12
\BOOKMARK [2][-]{subsection.2.1.1}{Subsection}{section.2.1}% 13
\BOOKMARK [1][-]{section.2.2}{Final remarks}{chapter.2}% 14
\BOOKMARK [0][-]{chapter.3}{Methodology}{}% 15
\BOOKMARK [1][-]{section.3.1}{Section}{chapter.3}% 16
\BOOKMARK [1][-]{section.3.2}{Subsection}{chapter.3}% 17
\BOOKMARK [1][-]{section.3.3}{Final remarks}{chapter.3}% 18
\BOOKMARK [0][-]{chapter.4}{Experimental Evaluation}{}% 19
\BOOKMARK [1][-]{section.4.1}{Section}{chapter.4}% 20
\BOOKMARK [1][-]{section.4.2}{Final remarks}{chapter.4}% 21
\BOOKMARK [0][-]{chapter.5}{Results}{}% 22
\BOOKMARK [1][-]{section.5.1}{Concluding Remarks}{chapter.5}% 23
\BOOKMARK [0][-]{chapter.6}{Conclusions and Future Work}{}% 24
\BOOKMARK [1][-]{section.6.1}{Future Work}{chapter.6}% 25
\BOOKMARK [0][-]{section*.9}{Appendices}{}% 26
\BOOKMARK [0][-]{Appendix.a.A}{}{}% 27
\BOOKMARK [1][-]{section.a.A.1}{Some Appendix A}{Appendix.a.A}% 28
\BOOKMARK [1][-]{section.a.A.2}{Some Appendix B}{Appendix.a.A}% 29
